<?xml version="1.0" encoding="UTF-8"?>
<testng-results skipped="0" failed="1" ignored="0" total="4" passed="3">
  <reporter-output>
  </reporter-output>
  <suite name="AlphaSense-Document-Test-Suite" duration-ms="34989" started-at="2022-01-18T10:06:47 EET" finished-at="2022-01-18T10:07:22 EET">
    <groups>
    </groups>
    <test name="smoke-test" duration-ms="34989" started-at="2022-01-18T10:06:47 EET" finished-at="2022-01-18T10:07:22 EET">
      <class name="com.ali.tests.smoketest.UiTesting">
        <test-method status="PASS" signature="setUp()[pri:0, instance:com.ali.tests.smoketest.UiTesting@54709809]" name="setUp" is-config="true" duration-ms="12549" started-at="2022-01-18T10:06:53 EET" finished-at="2022-01-18T10:07:05 EET">
          <reporter-output>
          </reporter-output>
        </test-method> <!-- setUp -->
        <test-method status="PASS" signature="test01()[pri:0, instance:com.ali.tests.smoketest.UiTesting@54709809]" name="test01" duration-ms="816" started-at="2022-01-18T10:07:05 EET" finished-at="2022-01-18T10:07:06 EET">
          <reporter-output>
          </reporter-output>
        </test-method> <!-- test01 -->
        <test-method status="PASS" signature="test02()[pri:2, instance:com.ali.tests.smoketest.UiTesting@54709809]" name="test02" duration-ms="10770" started-at="2022-01-18T10:07:06 EET" finished-at="2022-01-18T10:07:17 EET">
          <reporter-output>
          </reporter-output>
        </test-method> <!-- test02 -->
        <test-method status="PASS" signature="tearDown()[pri:0, instance:com.ali.tests.smoketest.UiTesting@54709809]" name="tearDown" is-config="true" duration-ms="4721" started-at="2022-01-18T10:07:17 EET" finished-at="2022-01-18T10:07:22 EET">
          <reporter-output>
          </reporter-output>
        </test-method> <!-- tearDown -->
      </class> <!-- com.ali.tests.smoketest.UiTesting -->
      <class name="com.ali.tests.smoketest.ApiTesting">
        <test-method status="FAIL" signature="dummyTest()[pri:0, instance:com.ali.tests.smoketest.ApiTesting@7997b197]" name="dummyTest" duration-ms="110" started-at="2022-01-18T10:06:47 EET" finished-at="2022-01-18T10:06:47 EET">
          <exception class="java.lang.AssertionError">
            <message>
              <![CDATA[expected [3] but found [2]]]>
            </message>
            <full-stacktrace>
              <![CDATA[java.lang.AssertionError: expected [3] but found [2]
at org.testng.Assert.fail(Assert.java:110)
at org.testng.Assert.failNotEquals(Assert.java:1413)
at org.testng.Assert.assertEqualsImpl(Assert.java:149)
at org.testng.Assert.assertEquals(Assert.java:131)
at org.testng.Assert.assertEquals(Assert.java:1240)
at org.testng.Assert.assertEquals(Assert.java:1274)
at com.ali.tests.smoketest.ApiTesting.dummyTest(ApiTesting.java:44)
at sun.reflect.NativeMethodAccessorImpl.invoke0(Native Method)
at sun.reflect.NativeMethodAccessorImpl.invoke(NativeMethodAccessorImpl.java:62)
at sun.reflect.DelegatingMethodAccessorImpl.invoke(DelegatingMethodAccessorImpl.java:43)
at java.lang.reflect.Method.invoke(Method.java:498)
at org.testng.internal.invokers.MethodInvocationHelper.invokeMethod(MethodInvocationHelper.java:135)
at org.testng.internal.invokers.TestInvoker.invokeMethod(TestInvoker.java:673)
at org.testng.internal.invokers.TestInvoker.invokeTestMethod(TestInvoker.java:220)
at org.testng.internal.invokers.MethodRunner.runInSequence(MethodRunner.java:50)
at org.testng.internal.invokers.TestInvoker$MethodInvocationAgent.invoke(TestInvoker.java:945)
at org.testng.internal.invokers.TestInvoker.invokeTestMethods(TestInvoker.java:193)
at org.testng.internal.invokers.TestMethodWorker.invokeTestMethods(TestMethodWorker.java:146)
at org.testng.internal.invokers.TestMethodWorker.run(TestMethodWorker.java:128)
at java.util.ArrayList.forEach(ArrayList.java:1257)
at org.testng.TestRunner.privateRun(TestRunner.java:808)
at org.testng.TestRunner.run(TestRunner.java:603)
at org.testng.SuiteRunner.runTest(SuiteRunner.java:429)
at org.testng.SuiteRunner.runSequentially(SuiteRunner.java:423)
at org.testng.SuiteRunner.privateRun(SuiteRunner.java:383)
at org.testng.SuiteRunner.run(SuiteRunner.java:326)
at org.testng.SuiteRunnerWorker.runSuite(SuiteRunnerWorker.java:52)
at org.testng.SuiteRunnerWorker.run(SuiteRunnerWorker.java:95)
at org.testng.TestNG.runSuitesSequentially(TestNG.java:1249)
at org.testng.TestNG.runSuitesLocally(TestNG.java:1169)
at org.testng.TestNG.runSuites(TestNG.java:1092)
at org.testng.TestNG.run(TestNG.java:1060)
at org.apache.maven.surefire.testng.TestNGExecutor.run(TestNGExecutor.java:284)
at org.apache.maven.surefire.testng.TestNGXmlTestSuite.execute(TestNGXmlTestSuite.java:75)
at org.apache.maven.surefire.testng.TestNGProvider.invoke(TestNGProvider.java:119)
at org.apache.maven.surefire.booter.ForkedBooter.runSuitesInProcess(ForkedBooter.java:428)
at org.apache.maven.surefire.booter.ForkedBooter.execute(ForkedBooter.java:162)
at org.apache.maven.surefire.booter.ForkedBooter.run(ForkedBooter.java:562)
at org.apache.maven.surefire.booter.ForkedBooter.main(ForkedBooter.java:548)
]]>
            </full-stacktrace>
          </exception> <!-- java.lang.AssertionError -->
          <reporter-output>
          </reporter-output>
        </test-method> <!-- dummyTest -->
        <test-method status="PASS" signature="getTest()[pri:0, instance:com.ali.tests.smoketest.ApiTesting@7997b197]" name="getTest" duration-ms="5677" started-at="2022-01-18T10:06:47 EET" finished-at="2022-01-18T10:06:53 EET">
          <reporter-output>
          </reporter-output>
        </test-method> <!-- getTest -->
      </class> <!-- com.ali.tests.smoketest.ApiTesting -->
    </test> <!-- smoke-test -->
  </suite> <!-- AlphaSense-Document-Test-Suite -->
</testng-results>
